<?xml version="1.0" encoding="UTF-8"?>
<!-- Generated by org.testng.reporters.JUnitReportReporter -->
<testsuite hostname="Nathyal" failures="0" tests="3" name="testcases.tc_window" time="32.182" errors="0" timestamp="2024-11-21T19:11:47 IST" skipped="0">
  <testcase classname="testcases.tc_window" name="setup" time="3.242"/>
  <testcase classname="testcases.tc_window" name="framemethop" time="28.134"/>
  <testcase classname="testcases.tc_window" name="teardown" time="0.806"/>
</testsuite> <!-- testcases.tc_window -->
