<?xml version="1.0" encoding="UTF-8"?>
<!-- Generated by org.testng.reporters.JUnitReportReporter -->
<testsuite hostname="Nathyal" failures="0" tests="3" name="testcases.tc_frame" time="29.468" errors="0" timestamp="2024-11-21T17:55:46 IST" skipped="0">
  <testcase classname="testcases.tc_frame" name="setup" time="3.796"/>
  <testcase classname="testcases.tc_frame" name="framemethop" time="25.050"/>
  <testcase classname="testcases.tc_frame" name="teardown" time="0.622"/>
</testsuite> <!-- testcases.tc_frame -->
