<?xml version="1.0" encoding="UTF-8"?>
<!-- Generated by org.testng.reporters.JUnitReportReporter -->
<testsuite hostname="Nathyal" failures="0" tests="4" name="testcases.tc_ShareGroup" time="36.912" errors="0" timestamp="2024-11-21T13:26:25 IST" skipped="0">
  <testcase classname="testcases.tc_ShareGroup" name="setup" time="6.604"/>
  <testcase classname="testcases.tc_ShareGroup" name="login" time="0.546"/>
  <testcase classname="testcases.tc_ShareGroup" name="sharegroup" time="29.129"/>
  <testcase classname="testcases.tc_ShareGroup" name="teardown" time="0.633"/>
</testsuite> <!-- testcases.tc_ShareGroup -->
