<?xml version="1.0" encoding="UTF-8"?>
<!-- Generated by org.testng.reporters.JUnitReportReporter -->
<testsuite hostname="Nathyal" failures="0" tests="1" name="testcases.tc_posting" time="9.694" errors="0" timestamp="2024-12-18T14:01:29 IST" skipped="0">
  <testcase classname="testcases.tc_posting" name="ThisISpostingTestCase" time="9.694"/>
</testsuite> <!-- testcases.tc_posting -->
