<?xml version="1.0" encoding="UTF-8"?>
<!-- Generated by org.testng.reporters.JUnitReportReporter -->
<testsuite hostname="Nathyal" failures="0" tests="3" name="testcases.tc_alert$Tc_demo" time="36.697" errors="0" timestamp="2024-11-21T15:41:17 IST" skipped="0">
  <testcase classname="testcases.tc_alert$Tc_demo" name="setup" time="2.433"/>
  <testcase classname="testcases.tc_alert$Tc_demo" name="alertmethop" time="33.972"/>
  <testcase classname="testcases.tc_alert$Tc_demo" name="teardown" time="0.292"/>
</testsuite> <!-- testcases.tc_alert$Tc_demo -->
