<?xml version="1.0" encoding="UTF-8"?>
<!-- Generated by org.testng.reporters.JUnitReportReporter -->
<testsuite hostname="Nathyal" failures="0" tests="3" name="testcases.tc_alert" time="38.091" errors="0" timestamp="2024-11-21T15:56:29 IST" skipped="0">
  <testcase classname="testcases.tc_alert" name="setup" time="2.872"/>
  <testcase classname="testcases.tc_alert" name="alertmethop" time="34.931"/>
  <testcase classname="testcases.tc_alert" name="teardown" time="0.288"/>
</testsuite> <!-- testcases.tc_alert -->
