<?xml version="1.0" encoding="UTF-8"?>
<!-- Generated by org.testng.reporters.JUnitReportReporter -->
<testsuite hostname="Nathyal" failures="0" tests="1" name="testcases.learn" time="0.010" errors="0" timestamp="2024-12-18T14:15:37 IST" skipped="0">
  <testcase classname="testcases.learn" name="m1" time="0.010"/>
</testsuite> <!-- testcases.learn -->
