<?xml version="1.0" encoding="UTF-8"?>
<!-- Generated by org.testng.reporters.JUnitReportReporter -->
<testsuite hostname="Nathyal" failures="0" tests="4" name="testcases.tc_Friend_request" time="10.576" errors="0" timestamp="2024-11-20T13:52:46 IST" skipped="0">
  <testcase classname="testcases.tc_Friend_request" name="setup" time="2.244"/>
  <testcase classname="testcases.tc_Friend_request" name="login" time="0.348"/>
  <testcase classname="testcases.tc_Friend_request" name="friendrequest" time="7.716"/>
  <testcase classname="testcases.tc_Friend_request" name="teardown" time="0.268"/>
</testsuite> <!-- testcases.tc_Friend_request -->
