<?xml version="1.0" encoding="UTF-8"?>
<!-- Generated by org.testng.reporters.JUnitReportReporter -->
<testsuite hostname="Nathyal" failures="0" tests="3" name="testcases.tc_keyboard" time="33.691" errors="0" timestamp="2024-11-22T17:27:22 IST" skipped="0">
  <testcase classname="testcases.tc_keyboard" name="setup" time="7.373"/>
  <testcase classname="testcases.tc_keyboard" name="framemethopbb" time="25.832"/>
  <testcase classname="testcases.tc_keyboard" name="teardown" time="0.486"/>
</testsuite> <!-- testcases.tc_keyboard -->
