<?xml version="1.0" encoding="UTF-8"?>
<!-- Generated by org.testng.reporters.JUnitReportReporter -->
<testsuite hostname="Nathyal" failures="0" tests="1" name="testcases.tc_posting" time="13.124" errors="0" timestamp="2024-12-18T12:16:05 IST" skipped="0">
  <testcase classname="testcases.tc_posting" name="ThisISpostingTestCase" time="13.124"/>
</testsuite> <!-- testcases.tc_posting -->
