<?xml version="1.0" encoding="UTF-8"?>
<!-- Generated by org.testng.reporters.JUnitReportReporter -->
<testsuite hostname="Nathyal" failures="0" tests="3" name="testcases.Tc_demo" time="38.478" errors="0" timestamp="2024-11-21T19:53:55 IST" skipped="0">
  <testcase classname="testcases.Tc_demo" name="setup" time="2.669"/>
  <testcase classname="testcases.Tc_demo" name="registermethod" time="35.540"/>
  <testcase classname="testcases.Tc_demo" name="teardown" time="0.269"/>
</testsuite> <!-- testcases.Tc_demo -->
